{
  "RSpec": {
    "coverage": {
      "/Users/janeparsons/Projects/bank-tech-test/spec/account_spec.rb": {
        "lines": [
          null,
          null,
          1,
          1,
          null,
          1,
          6,
          1,
          1,
          1,
          null,
          null,
          null,
          1,
          1,
          null,
          1,
          1,
          null,
          null,
          1,
          null,
          null,
          null,
          null,
          1,
          1,
          1,
          1,
          null,
          null,
          1,
          null,
          null,
          null,
          1,
          1,
          1,
          null,
          null,
          null,
          null,
          1,
          1,
          1,
          1,
          1,
          1,
          1,
          null,
          null,
          null,
          null
        ]
      },
      "/Users/janeparsons/Projects/bank-tech-test/lib/transaction.rb": {
        "lines": [
          null,
          null,
          null,
          1,
          1,
          null,
          1,
          13,
          13,
          null,
          null
        ]
      },
      "/Users/janeparsons/Projects/bank-tech-test/lib/account.rb": {
        "lines": [
          null,
          null,
          1,
          1,
          1,
          null,
          null,
          1,
          1,
          null,
          1,
          6,
          6,
          null,
          null,
          1,
          12,
          1,
          null,
          11,
          11,
          null,
          null,
          null,
          1,
          2,
          2,
          2,
          6,
          2,
          null,
          null,
          4,
          null,
          null,
          6,
          null,
          null,
          null,
          1,
          32,
          32,
          32,
          32,
          96,
          96,
          96,
          96,
          null,
          32,
          null,
          null,
          null,
          1,
          1,
          1,
          1,
          1
        ]
      },
      "/Users/janeparsons/Projects/bank-tech-test/lib/statement.rb": {
        "lines": [
          null,
          null,
          null,
          null,
          null,
          1,
          1,
          null,
          1,
          96,
          96,
          96,
          null,
          null
        ]
      },
      "/Users/janeparsons/Projects/bank-tech-test/spec/transaction_spec.rb": {
        "lines": [
          null,
          null,
          1,
          null,
          1,
          1,
          1,
          1,
          1,
          null,
          1,
          null,
          null,
          null
        ]
      }
    },
    "timestamp": 1648737028
  }
}
